[2019-07-19T15:31:30.923] [INFO] repo - Read repository items: C:\WebAppBuilderForArcGIS\client\stemapp\widgets
[2019-07-19T15:31:32.566] [INFO] app - Find 6 predfinded apps.
[2019-07-19T15:31:32.577] [INFO] repo - insert HTML.About
[2019-07-19T15:31:32.578] [INFO] repo - insert HTML.AddData
[2019-07-19T15:31:32.578] [INFO] repo - insert HTML.Analysis
[2019-07-19T15:31:32.579] [INFO] repo - insert HTML.AttributeTable
[2019-07-19T15:31:32.579] [INFO] repo - insert HTML.BasemapGallery
[2019-07-19T15:31:32.580] [INFO] repo - insert HTML.BatchAttributeEditor
[2019-07-19T15:31:32.581] [INFO] repo - insert HTML.Bookmark
[2019-07-19T15:31:32.581] [INFO] repo - insert HTML.Chart
[2019-07-19T15:31:32.582] [INFO] repo - insert HTML.Coordinate
[2019-07-19T15:31:32.582] [INFO] repo - insert HTML.CoordinateConversion
[2019-07-19T15:31:32.583] [INFO] repo - insert HTML.CostAnalysis
[2019-07-19T15:31:32.584] [INFO] repo - insert HTML.DataAggregation
[2019-07-19T15:31:32.585] [INFO] repo - insert HTML.Directions
[2019-07-19T15:31:32.585] [INFO] repo - insert HTML.DistanceAndDirection
[2019-07-19T15:31:32.586] [INFO] repo - insert HTML.DistrictLookup
[2019-07-19T15:31:32.586] [INFO] repo - insert HTML.Draw
[2019-07-19T15:31:32.587] [INFO] repo - insert HTML.Edit
[2019-07-19T15:31:32.587] [INFO] repo - insert HTML.EmergencyResponseGuide
[2019-07-19T15:31:32.588] [INFO] repo - insert HTML.ExtentNavigate
[2019-07-19T15:31:32.589] [INFO] repo - insert HTML.Filter
[2019-07-19T15:31:32.590] [INFO] repo - insert HTML.FullScreen
[2019-07-19T15:31:32.590] [INFO] repo - insert HTML.GeoLookup
[2019-07-19T15:31:32.591] [INFO] repo - insert HTML.Geoprocessing
[2019-07-19T15:31:32.591] [INFO] repo - insert HTML.GriddedReferenceGraphic
[2019-07-19T15:31:32.592] [INFO] repo - insert HTML.GridOverlay
[2019-07-19T15:31:32.593] [INFO] repo - insert HTML.GroupFilter
[2019-07-19T15:31:32.595] [INFO] repo - insert HTML.HomeButton
[2019-07-19T15:31:32.596] [INFO] repo - insert HTML.ImageMeasurement
[2019-07-19T15:31:32.598] [INFO] repo - insert HTML.IncidentAnalysis
[2019-07-19T15:31:32.599] [INFO] repo - insert HTML.Infographic
[2019-07-19T15:31:32.599] [INFO] repo - insert HTML.InfoSummary
[2019-07-19T15:31:32.600] [INFO] repo - insert HTML.LayerList
[2019-07-19T15:31:32.600] [INFO] repo - insert HTML.Legend
[2019-07-19T15:31:32.601] [INFO] repo - insert HTML.Measurement
[2019-07-19T15:31:32.601] [INFO] repo - insert HTML.MyLocation
[2019-07-19T15:31:32.602] [INFO] repo - insert HTML.NearMe
[2019-07-19T15:31:32.603] [INFO] repo - insert HTML.NetworkTrace
[2019-07-19T15:31:32.605] [INFO] repo - insert HTML.ObliqueViewer
[2019-07-19T15:31:32.607] [INFO] repo - insert HTML.OverviewMap
[2019-07-19T15:31:32.608] [INFO] repo - insert HTML.ParcelDrafter
[2019-07-19T15:31:32.609] [INFO] repo - insert HTML.Print
[2019-07-19T15:31:32.610] [INFO] repo - insert HTML.PublicNotification
[2019-07-19T15:31:32.611] [INFO] repo - insert HTML.Query
[2019-07-19T15:31:32.612] [INFO] repo - insert HTML.RelatedTableCharts
[2019-07-19T15:31:32.613] [INFO] repo - insert HTML.ReportFeature
[2019-07-19T15:31:32.614] [INFO] repo - insert HTML.ReviewerDashboard
[2019-07-19T15:31:32.617] [INFO] repo - insert HTML.Scalebar
[2019-07-19T15:31:32.618] [INFO] repo - insert HTML.Screening
[2019-07-19T15:31:32.619] [INFO] repo - insert HTML.Search
[2019-07-19T15:31:32.620] [INFO] repo - insert HTML.Select
[2019-07-19T15:31:32.621] [INFO] repo - insert HTML.Share
[2019-07-19T15:31:32.621] [INFO] repo - insert HTML.SituationAwareness
[2019-07-19T15:31:32.622] [INFO] repo - insert HTML.SmartEditor
[2019-07-19T15:31:32.624] [INFO] repo - insert HTML.Splash
[2019-07-19T15:31:32.625] [INFO] repo - insert HTML.Stream
[2019-07-19T15:31:32.628] [INFO] repo - insert HTML.SuitabilityModeler
[2019-07-19T15:31:32.630] [INFO] repo - insert HTML.Summary
[2019-07-19T15:31:32.630] [INFO] repo - insert HTML.Swipe
[2019-07-19T15:31:32.631] [INFO] repo - insert HTML.ThreatAnalysis
[2019-07-19T15:31:32.632] [INFO] repo - insert HTML.TimeSlider
[2019-07-19T15:31:32.632] [INFO] repo - insert HTML.Visibility
[2019-07-19T15:31:32.633] [INFO] repo - insert HTML.ZoomSlider
[2019-07-19T15:31:32.636] [INFO] repo - Read repository items: C:\WebAppBuilderForArcGIS\client\stemapp\themes
[2019-07-19T15:31:33.007] [INFO] repo - insert HTML.JewelryBoxTheme
[2019-07-19T15:31:33.010] [INFO] repo - insert HTML.LaunchpadTheme
[2019-07-19T15:31:33.011] [INFO] repo - insert HTML.TabTheme
[2019-07-19T15:31:33.014] [INFO] repo - insert HTML.DartTheme
[2019-07-19T15:31:33.014] [INFO] repo - insert HTML.PocketTheme
[2019-07-19T15:31:33.016] [INFO] repo - insert HTML.BillboardTheme
[2019-07-19T15:31:33.017] [INFO] repo - insert HTML.PlateauTheme
[2019-07-19T15:31:33.018] [INFO] repo - insert HTML.FoldableTheme
[2019-07-19T15:31:33.019] [INFO] repo - insert HTML.DashboardTheme
[2019-07-19T15:31:33.022] [INFO] repo - insert HTML.BoxTheme
[2019-07-19T15:31:33.023] [INFO] repo - Read repository items: C:\WebAppBuilderForArcGIS\client\stemapp3d\widgets
[2019-07-19T15:31:33.576] [INFO] repo - insert HTML3D.Share
[2019-07-19T15:31:33.577] [INFO] repo - insert HTML3D.Legend
[2019-07-19T15:31:33.578] [INFO] repo - insert HTML3D.Coordinate
[2019-07-19T15:31:33.581] [INFO] repo - insert HTML3D.ZoomSlider
[2019-07-19T15:31:33.582] [INFO] repo - insert HTML3D.Compass
[2019-07-19T15:31:33.582] [INFO] repo - insert HTML3D.Slides
[2019-07-19T15:31:33.583] [INFO] repo - insert HTML3D.MyLocation
[2019-07-19T15:31:33.583] [INFO] repo - insert HTML3D.3DFx
[2019-07-19T15:31:33.583] [INFO] repo - insert HTML3D.BasemapGallery
[2019-07-19T15:31:33.584] [INFO] repo - insert HTML3D.Navigate
[2019-07-19T15:31:33.585] [INFO] repo - insert HTML3D.About
[2019-07-19T15:31:33.585] [INFO] repo - insert HTML3D.Splash
[2019-07-19T15:31:33.586] [INFO] repo - insert HTML3D.Home
[2019-07-19T15:31:33.587] [INFO] repo - insert HTML3D.Daylight
[2019-07-19T15:31:33.588] [INFO] repo - insert HTML3D.Measurement3D
[2019-07-19T15:31:33.590] [INFO] repo - insert HTML3D.FullScreen
[2019-07-19T15:31:33.591] [INFO] repo - insert HTML3D.LayerList
[2019-07-19T15:31:33.591] [INFO] repo - insert HTML3D.Search
[2019-07-19T15:31:33.591] [INFO] repo - Read repository items: C:\WebAppBuilderForArcGIS\client\stemapp3d\themes
[2019-07-19T15:31:33.866] [INFO] repo - insert HTML3D.FoldableTheme
[2019-07-19T15:31:33.867] [INFO] repo - insert HTML3D.JewelryBoxTheme
[2019-07-19T15:31:33.868] [INFO] repo - insert HTML3D.DashboardTheme
[2019-07-19T15:31:33.871] [INFO] repo - insert HTML3D.LaunchpadTheme
[2019-07-19T15:31:33.872] [INFO] repo - insert HTML3D.BillboardTheme
[2019-07-19T15:31:33.872] [INFO] repo - insert HTML3D.DartTheme
[2019-07-19T15:31:33.873] [INFO] repo - insert HTML3D.TabTheme
[2019-07-19T15:31:33.874] [INFO] repo - insert HTML3D.BoxTheme
[2019-07-19T15:31:34.468] [INFO] default - No token is found, redirect /webappbuilder to /webappbuilder?action=setportalurl
[2019-07-19T15:34:15.751] [INFO] default - No token is found, redirect /webappbuilder to /webappbuilder?action=setportalurl
[2019-07-19T15:34:52.887] [INFO] repo - Read repository items: C:\WebAppBuilderForArcGIS\client\stemapp\widgets
[2019-07-19T15:34:55.056] [INFO] repo - Read repository items: C:\WebAppBuilderForArcGIS\client\stemapp\themes
[2019-07-19T15:34:55.482] [INFO] repo - Read repository items: C:\WebAppBuilderForArcGIS\client\stemapp3d\widgets
[2019-07-19T15:34:56.117] [INFO] repo - Read repository items: C:\WebAppBuilderForArcGIS\client\stemapp3d\themes
[2019-07-19T15:34:56.378] [INFO] default - No token is found, redirect /webappbuilder to /webappbuilder?action=setportalurl
[2019-07-19T22:35:19.009] [INFO] repo - Read repository items: C:\WebAppBuilderForArcGIS\client\stemapp\widgets
[2019-07-19T22:35:21.884] [INFO] repo - Read repository items: C:\WebAppBuilderForArcGIS\client\stemapp\themes
[2019-07-19T22:35:22.248] [INFO] default - No token is found, redirect /webappbuilder to /webappbuilder?action=setportalurl
[2019-07-19T22:35:22.550] [INFO] repo - Read repository items: C:\WebAppBuilderForArcGIS\client\stemapp3d\widgets
[2019-07-19T22:35:23.527] [INFO] repo - Read repository items: C:\WebAppBuilderForArcGIS\client\stemapp3d\themes
[2019-07-19T22:55:50.399] [INFO] repo - Read repository items: C:\WebAppBuilderForArcGIS\client\stemapp\widgets
[2019-07-19T22:55:52.523] [INFO] repo - Read repository items: C:\WebAppBuilderForArcGIS\client\stemapp\themes
[2019-07-19T22:55:52.961] [INFO] repo - Read repository items: C:\WebAppBuilderForArcGIS\client\stemapp3d\widgets
[2019-07-19T22:55:53.586] [INFO] repo - Read repository items: C:\WebAppBuilderForArcGIS\client\stemapp3d\themes
[2019-07-19T22:55:53.986] [INFO] default - No token is found, redirect /webappbuilder to /webappbuilder?action=setportalurl
[2019-07-19T22:58:58.801] [DEBUG] utils - copy C:\WebAppBuilderForArcGIS\client\stemapp\jimu.js
[2019-07-19T22:58:59.731] [DEBUG] utils - copy C:\WebAppBuilderForArcGIS\client\stemapp\images
[2019-07-19T22:58:59.741] [DEBUG] utils - copy C:\WebAppBuilderForArcGIS\client\stemapp\libs
[2019-07-19T22:58:59.790] [DEBUG] utils - copy C:\WebAppBuilderForArcGIS\client\stemapp\index.html
[2019-07-19T22:58:59.792] [DEBUG] utils - copy C:\WebAppBuilderForArcGIS\client\stemapp\env.js
[2019-07-19T22:58:59.793] [DEBUG] utils - copy C:\WebAppBuilderForArcGIS\client\stemapp\simpleLoader.js
[2019-07-19T22:58:59.794] [DEBUG] utils - copy C:\WebAppBuilderForArcGIS\client\stemapp\init.js
[2019-07-19T22:58:59.796] [DEBUG] utils - copy C:\WebAppBuilderForArcGIS\client\stemapp\web.config
[2019-07-19T22:58:59.798] [DEBUG] utils - copy C:\WebAppBuilderForArcGIS\client\stemapp\dynamic-modules
[2019-07-19T22:58:59.804] [DEBUG] utils - copy C:\WebAppBuilderForArcGIS\client\stemapp\readme.html
[2019-07-19T22:58:59.806] [DEBUG] utils - copy C:\WebAppBuilderForArcGIS\client\stemapp\config-readme.txt
[2019-07-19T22:58:59.807] [DEBUG] utils - copy C:\WebAppBuilderForArcGIS\client\stemapp\configs
[2019-07-19T22:58:59.817] [DEBUG] utils - copy C:\WebAppBuilderForArcGIS\client\stemapp\.jshintrc
[2019-07-19T22:58:59.820] [DEBUG] utils - copy C:\WebAppBuilderForArcGIS\client\stemapp\.jshintignore
[2019-07-19T22:58:59.821] [DEBUG] utils - copy C:\WebAppBuilderForArcGIS\client\stemapp\3rd-party-license.txt
[2019-07-19T22:58:59.828] [DEBUG] utils - copy C:\WebAppBuilderForArcGIS\client\stemapp\themes\FoldableTheme
[2019-07-19T22:59:00.100] [DEBUG] utils - copy C:\WebAppBuilderForArcGIS\client\stemapp\widgets\Scalebar
[2019-07-19T22:59:00.229] [DEBUG] utils - copy C:\WebAppBuilderForArcGIS\client\stemapp\widgets\Search
[2019-07-19T22:59:00.382] [DEBUG] utils - copy C:\WebAppBuilderForArcGIS\client\stemapp\widgets\Coordinate
[2019-07-19T22:59:00.538] [DEBUG] utils - copy C:\WebAppBuilderForArcGIS\client\stemapp\widgets\OverviewMap
[2019-07-19T22:59:00.683] [DEBUG] utils - copy C:\WebAppBuilderForArcGIS\client\stemapp\widgets\HomeButton
[2019-07-19T22:59:00.744] [DEBUG] utils - copy C:\WebAppBuilderForArcGIS\client\stemapp\widgets\MyLocation
[2019-07-19T22:59:00.877] [DEBUG] utils - copy C:\WebAppBuilderForArcGIS\client\stemapp\widgets\AttributeTable
[2019-07-19T22:59:01.055] [DEBUG] utils - copy C:\WebAppBuilderForArcGIS\client\stemapp\widgets\Splash
[2019-07-19T22:59:01.228] [DEBUG] utils - copy C:\WebAppBuilderForArcGIS\client\stemapp\widgets\ZoomSlider
[2019-07-19T22:59:01.291] [DEBUG] utils - copy C:\WebAppBuilderForArcGIS\client\stemapp\widgets\ExtentNavigate
[2019-07-19T22:59:01.357] [DEBUG] utils - copy C:\WebAppBuilderForArcGIS\client\stemapp\widgets\FullScreen
[2019-07-19T22:59:01.425] [DEBUG] utils - copy C:\WebAppBuilderForArcGIS\client\stemapp\widgets\Legend
[2019-07-19T22:59:01.559] [DEBUG] utils - copy C:\WebAppBuilderForArcGIS\client\stemapp\widgets\LayerList
[2019-07-19T23:03:42.022] [DEBUG] utils - copy C:\WebAppBuilderForArcGIS\client\stemapp3d\jimu.js
[2019-07-19T23:03:42.458] [DEBUG] utils - copy C:\WebAppBuilderForArcGIS\client\stemapp3d\images
[2019-07-19T23:03:42.468] [DEBUG] utils - copy C:\WebAppBuilderForArcGIS\client\stemapp3d\libs
[2019-07-19T23:03:42.507] [DEBUG] utils - copy C:\WebAppBuilderForArcGIS\client\stemapp3d\index.html
[2019-07-19T23:03:42.508] [DEBUG] utils - copy C:\WebAppBuilderForArcGIS\client\stemapp3d\env.js
[2019-07-19T23:03:42.510] [DEBUG] utils - copy C:\WebAppBuilderForArcGIS\client\stemapp3d\simpleLoader.js
[2019-07-19T23:03:42.512] [DEBUG] utils - copy C:\WebAppBuilderForArcGIS\client\stemapp3d\init.js
[2019-07-19T23:03:42.513] [DEBUG] utils - copy C:\WebAppBuilderForArcGIS\client\stemapp3d\web.config
[2019-07-19T23:03:42.515] [DEBUG] utils - copy C:\WebAppBuilderForArcGIS\client\stemapp3d\dynamic-modules
[2019-07-19T23:03:42.522] [DEBUG] utils - copy C:\WebAppBuilderForArcGIS\client\stemapp3d\readme.html
[2019-07-19T23:03:42.524] [DEBUG] utils - copy C:\WebAppBuilderForArcGIS\client\stemapp3d\config-readme.txt
[2019-07-19T23:03:42.528] [DEBUG] utils - copy C:\WebAppBuilderForArcGIS\client\stemapp3d\configs
[2019-07-19T23:03:42.538] [DEBUG] utils - copy C:\WebAppBuilderForArcGIS\client\stemapp3d\.jshintrc
[2019-07-19T23:03:42.541] [DEBUG] utils - copy C:\WebAppBuilderForArcGIS\client\stemapp3d\.jshintignore
[2019-07-19T23:03:42.543] [DEBUG] utils - copy C:\WebAppBuilderForArcGIS\client\stemapp3d\fx3d
[2019-07-19T23:03:42.609] [DEBUG] utils - copy C:\WebAppBuilderForArcGIS\client\stemapp3d\themes\FoldableTheme
[2019-07-19T23:03:42.864] [DEBUG] utils - copy C:\WebAppBuilderForArcGIS\client\stemapp3d\widgets\Search
[2019-07-19T23:03:43.018] [DEBUG] utils - copy C:\WebAppBuilderForArcGIS\client\stemapp3d\widgets\ZoomSlider
[2019-07-19T23:03:43.080] [DEBUG] utils - copy C:\WebAppBuilderForArcGIS\client\stemapp3d\widgets\Home
[2019-07-19T23:03:43.142] [DEBUG] utils - copy C:\WebAppBuilderForArcGIS\client\stemapp3d\widgets\MyLocation
[2019-07-19T23:03:43.280] [DEBUG] utils - copy C:\WebAppBuilderForArcGIS\client\stemapp3d\widgets\Navigate
[2019-07-19T23:03:43.343] [DEBUG] utils - copy C:\WebAppBuilderForArcGIS\client\stemapp3d\widgets\Compass
[2019-07-19T23:03:43.408] [DEBUG] utils - copy C:\WebAppBuilderForArcGIS\client\stemapp3d\widgets\FullScreen
[2019-07-19T23:03:43.475] [DEBUG] utils - copy C:\WebAppBuilderForArcGIS\client\stemapp3d\widgets\Coordinate
[2019-07-19T23:03:43.630] [DEBUG] utils - copy C:\WebAppBuilderForArcGIS\client\stemapp3d\widgets\Splash
[2019-07-19T23:03:43.811] [DEBUG] utils - copy C:\WebAppBuilderForArcGIS\client\stemapp3d\widgets\Daylight
[2019-07-19T23:03:43.942] [DEBUG] utils - copy C:\WebAppBuilderForArcGIS\client\stemapp3d\widgets\Slides
[2019-07-19T23:04:22.446] [DEBUG] utils - copy C:\WebAppBuilderForArcGIS\client\stemapp3d\themes\DashboardTheme
[2019-07-19T23:05:17.529] [INFO] app - remove theme FoldableTheme from app 3
[2019-07-19T23:05:17.555] [INFO] app - remove widget Compass from app 3
[2019-07-19T23:05:39.973] [DEBUG] utils - copy C:\WebAppBuilderForArcGIS\client\stemapp3d\widgets\LayerList
[2019-07-19T23:17:41.639] [DEBUG] utils - copy C:\WebAppBuilderForArcGIS\client\stemapp3d\themes\BillboardTheme
[2019-07-19T23:17:41.717] [DEBUG] utils - copy C:\WebAppBuilderForArcGIS\client\stemapp3d\widgets\Compass
[2019-07-19T23:18:17.962] [DEBUG] utils - copy C:\WebAppBuilderForArcGIS\client\stemapp3d\widgets\3DFx
[2019-07-19T23:21:40.187] [INFO] app - remove theme DashboardTheme from app 3
[2019-07-19T23:21:40.237] [INFO] app - remove widget 3DFx from app 3
[2019-07-19T23:21:40.262] [INFO] app - remove widget LayerList from app 3
[2019-07-19T23:42:09.590] [DEBUG] utils - copy C:\WebAppBuilderForArcGIS\client\stemapp\jimu.js
[2019-07-19T23:42:10.318] [DEBUG] utils - copy C:\WebAppBuilderForArcGIS\client\stemapp\images
[2019-07-19T23:42:10.326] [DEBUG] utils - copy C:\WebAppBuilderForArcGIS\client\stemapp\libs
[2019-07-19T23:42:10.364] [DEBUG] utils - copy C:\WebAppBuilderForArcGIS\client\stemapp\index.html
[2019-07-19T23:42:10.369] [DEBUG] utils - copy C:\WebAppBuilderForArcGIS\client\stemapp\env.js
[2019-07-19T23:42:10.374] [DEBUG] utils - copy C:\WebAppBuilderForArcGIS\client\stemapp\simpleLoader.js
[2019-07-19T23:42:10.376] [DEBUG] utils - copy C:\WebAppBuilderForArcGIS\client\stemapp\init.js
[2019-07-19T23:42:10.378] [DEBUG] utils - copy C:\WebAppBuilderForArcGIS\client\stemapp\web.config
[2019-07-19T23:42:10.378] [DEBUG] utils - copy C:\WebAppBuilderForArcGIS\client\stemapp\dynamic-modules
[2019-07-19T23:42:10.386] [DEBUG] utils - copy C:\WebAppBuilderForArcGIS\client\stemapp\readme.html
[2019-07-19T23:42:10.388] [DEBUG] utils - copy C:\WebAppBuilderForArcGIS\client\stemapp\config-readme.txt
[2019-07-19T23:42:10.390] [DEBUG] utils - copy C:\WebAppBuilderForArcGIS\client\stemapp\configs
[2019-07-19T23:42:10.396] [DEBUG] utils - copy C:\WebAppBuilderForArcGIS\client\stemapp\.jshintrc
[2019-07-19T23:42:10.397] [DEBUG] utils - copy C:\WebAppBuilderForArcGIS\client\stemapp\.jshintignore
[2019-07-19T23:42:10.399] [DEBUG] utils - copy C:\WebAppBuilderForArcGIS\client\stemapp\3rd-party-license.txt
[2019-07-19T23:42:10.422] [DEBUG] utils - copy C:\WebAppBuilderForArcGIS\client\stemapp\themes\DashboardTheme
[2019-07-19T23:42:10.935] [DEBUG] utils - copy C:\WebAppBuilderForArcGIS\client\stemapp\widgets\Infographic
[2019-07-19T23:42:11.293] [DEBUG] utils - copy C:\WebAppBuilderForArcGIS\client\stemapp\widgets\Infographic
[2019-07-19T23:42:11.625] [DEBUG] utils - copy C:\WebAppBuilderForArcGIS\client\stemapp\widgets\Infographic
[2019-07-19T23:42:11.947] [DEBUG] utils - copy C:\WebAppBuilderForArcGIS\client\stemapp\widgets\Infographic
[2019-07-19T23:42:12.273] [DEBUG] utils - copy C:\WebAppBuilderForArcGIS\client\stemapp\widgets\Infographic
[2019-07-19T23:42:12.594] [DEBUG] utils - copy C:\WebAppBuilderForArcGIS\client\stemapp\widgets\Infographic
[2019-07-19T23:42:12.931] [DEBUG] utils - copy C:\WebAppBuilderForArcGIS\client\stemapp\widgets\Infographic
[2019-07-19T23:42:13.256] [DEBUG] utils - copy C:\WebAppBuilderForArcGIS\client\stemapp\widgets\ZoomSlider
[2019-07-19T23:42:13.319] [DEBUG] utils - copy C:\WebAppBuilderForArcGIS\client\stemapp\widgets\HomeButton
[2019-07-19T23:42:13.378] [DEBUG] utils - copy C:\WebAppBuilderForArcGIS\client\stemapp\widgets\ExtentNavigate
[2019-07-19T23:42:13.443] [DEBUG] utils - copy C:\WebAppBuilderForArcGIS\client\stemapp\widgets\MyLocation
[2019-07-19T23:42:13.570] [DEBUG] utils - copy C:\WebAppBuilderForArcGIS\client\stemapp\widgets\Search
[2019-07-19T23:42:13.697] [DEBUG] utils - copy C:\WebAppBuilderForArcGIS\client\stemapp\widgets\Scalebar
[2019-07-19T23:42:13.825] [DEBUG] utils - copy C:\WebAppBuilderForArcGIS\client\stemapp\widgets\Coordinate
[2019-07-19T23:42:13.970] [DEBUG] utils - copy C:\WebAppBuilderForArcGIS\client\stemapp\widgets\Splash
[2019-07-19T23:42:14.127] [DEBUG] utils - copy C:\WebAppBuilderForArcGIS\client\stemapp\widgets\OverviewMap
[2019-07-19T23:42:14.270] [DEBUG] utils - copy C:\WebAppBuilderForArcGIS\client\stemapp\widgets\AttributeTable
[2019-07-19T23:42:14.425] [DEBUG] utils - copy C:\WebAppBuilderForArcGIS\client\stemapp\widgets\FullScreen
[2019-07-19T23:42:14.499] [DEBUG] utils - copy C:\WebAppBuilderForArcGIS\client\stemapp\widgets\LayerList
[2019-07-19T23:42:14.681] [DEBUG] utils - copy C:\WebAppBuilderForArcGIS\client\stemapp\widgets\Select
[2019-07-19T23:42:14.869] [DEBUG] utils - copy C:\WebAppBuilderForArcGIS\client\stemapp\widgets\Legend
[2019-07-19T23:42:14.992] [DEBUG] utils - copy C:\WebAppBuilderForArcGIS\client\stemapp\widgets\LayerList
[2020-04-04T17:28:04.731] [INFO] repo - Read repository items: C:\WebAppBuilderForArcGIS\client\stemapp\widgets
[2020-04-04T17:28:07.813] [INFO] repo - insert HTML.BusinessAnalyst
[2020-04-04T17:28:07.813] [INFO] repo - Read repository items: C:\WebAppBuilderForArcGIS\client\stemapp\themes
[2020-04-04T17:28:08.552] [INFO] repo - Read repository items: C:\WebAppBuilderForArcGIS\client\stemapp3d\widgets
[2020-04-04T17:28:09.337] [INFO] default - No token is found, redirect /webappbuilder to /webappbuilder?action=setportalurl
[2020-04-04T17:28:10.056] [INFO] repo - Read repository items: C:\WebAppBuilderForArcGIS\client\stemapp3d\themes
[2020-04-04T17:43:04.348] [INFO] default - No token is found, redirect /webappbuilder to /webappbuilder?action=setportalurl
[2020-04-04T17:44:26.508] [INFO] repo - Read repository items: C:\WebAppBuilderForArcGIS\client\stemapp\widgets
[2020-04-04T17:44:28.941] [INFO] repo - Read repository items: C:\WebAppBuilderForArcGIS\client\stemapp\themes
[2020-04-04T17:44:29.388] [INFO] repo - Read repository items: C:\WebAppBuilderForArcGIS\client\stemapp3d\widgets
[2020-04-04T17:44:30.107] [INFO] default - No token is found, redirect /webappbuilder to /webappbuilder?action=setportalurl
[2020-04-04T17:44:30.328] [INFO] repo - Read repository items: C:\WebAppBuilderForArcGIS\client\stemapp3d\themes
[2020-04-04T17:48:12.641] [DEBUG] utils - copy C:\WebAppBuilderForArcGIS\client\stemapp3d\jimu.js
[2020-04-04T17:48:13.145] [DEBUG] utils - copy C:\WebAppBuilderForArcGIS\client\stemapp3d\images
[2020-04-04T17:48:13.164] [DEBUG] utils - copy C:\WebAppBuilderForArcGIS\client\stemapp3d\libs
[2020-04-04T17:48:13.195] [DEBUG] utils - copy C:\WebAppBuilderForArcGIS\client\stemapp3d\index.html
[2020-04-04T17:48:13.195] [DEBUG] utils - copy C:\WebAppBuilderForArcGIS\client\stemapp3d\env.js
[2020-04-04T17:48:13.211] [DEBUG] utils - copy C:\WebAppBuilderForArcGIS\client\stemapp3d\simpleLoader.js
[2020-04-04T17:48:13.211] [DEBUG] utils - copy C:\WebAppBuilderForArcGIS\client\stemapp3d\init.js
[2020-04-04T17:48:13.211] [DEBUG] utils - copy C:\WebAppBuilderForArcGIS\client\stemapp3d\web.config
[2020-04-04T17:48:13.211] [DEBUG] utils - copy C:\WebAppBuilderForArcGIS\client\stemapp3d\dynamic-modules
[2020-04-04T17:48:13.211] [DEBUG] utils - copy C:\WebAppBuilderForArcGIS\client\stemapp3d\readme.html
[2020-04-04T17:48:13.211] [DEBUG] utils - copy C:\WebAppBuilderForArcGIS\client\stemapp3d\config-readme.txt
[2020-04-04T17:48:13.226] [DEBUG] utils - copy C:\WebAppBuilderForArcGIS\client\stemapp3d\configs
[2020-04-04T17:48:13.226] [DEBUG] utils - copy C:\WebAppBuilderForArcGIS\client\stemapp3d\.jshintrc
[2020-04-04T17:48:13.226] [DEBUG] utils - copy C:\WebAppBuilderForArcGIS\client\stemapp3d\.jshintignore
[2020-04-04T17:48:13.242] [DEBUG] utils - copy C:\WebAppBuilderForArcGIS\client\stemapp3d\fx3d
[2020-04-04T17:48:13.342] [DEBUG] utils - copy C:\WebAppBuilderForArcGIS\client\stemapp3d\themes\LaunchpadTheme
[2020-04-04T17:48:13.743] [DEBUG] utils - copy C:\WebAppBuilderForArcGIS\client\stemapp3d\widgets\Search
[2020-04-04T17:48:13.897] [DEBUG] utils - copy C:\WebAppBuilderForArcGIS\client\stemapp3d\widgets\ZoomSlider
[2020-04-04T17:48:13.966] [DEBUG] utils - copy C:\WebAppBuilderForArcGIS\client\stemapp3d\widgets\Home
[2020-04-04T17:48:14.033] [DEBUG] utils - copy C:\WebAppBuilderForArcGIS\client\stemapp3d\widgets\MyLocation
[2020-04-04T17:48:14.182] [DEBUG] utils - copy C:\WebAppBuilderForArcGIS\client\stemapp3d\widgets\Navigate
[2020-04-04T17:48:14.267] [DEBUG] utils - copy C:\WebAppBuilderForArcGIS\client\stemapp3d\widgets\Coordinate
[2020-04-04T17:48:14.498] [DEBUG] utils - copy C:\WebAppBuilderForArcGIS\client\stemapp3d\widgets\Compass
[2020-04-04T17:48:14.599] [DEBUG] utils - copy C:\WebAppBuilderForArcGIS\client\stemapp3d\widgets\FullScreen
[2020-04-04T17:48:14.683] [DEBUG] utils - copy C:\WebAppBuilderForArcGIS\client\stemapp3d\widgets\Splash
[2020-04-04T17:48:14.899] [DEBUG] utils - copy C:\WebAppBuilderForArcGIS\client\stemapp3d\widgets\BasemapGallery
[2020-04-04T17:48:14.984] [DEBUG] utils - copy C:\WebAppBuilderForArcGIS\client\stemapp3d\widgets\Daylight
[2020-04-04T17:48:15.168] [DEBUG] utils - copy C:\WebAppBuilderForArcGIS\client\stemapp3d\widgets\Slides
[2020-04-04T17:48:15.247] [INFO] app - App is imported. Name:[D-Wall Construction]. New app [name is:D-Wall Construction, id is:5]
[2020-04-04T17:48:27.176] [INFO] default - redirect  /webappbuilder/stemapp/index.html?id=5 to /webappbuilder/apps/5
[2020-04-04T17:50:02.401] [DEBUG] utils - copy C:\WebAppBuilderForArcGIS\client\stemapp3d\widgets\Share
[2020-04-04T17:53:59.482] [INFO] app - remove widget Share from app 5
[2020-04-04T17:54:43.231] [DEBUG] utils - copy C:\WebAppBuilderForArcGIS\client\stemapp3d\themes\DashboardTheme
[2020-04-04T17:54:47.155] [DEBUG] utils - copy C:\WebAppBuilderForArcGIS\client\stemapp3d\themes\BillboardTheme
[2020-04-04T17:54:53.294] [DEBUG] utils - copy C:\WebAppBuilderForArcGIS\client\stemapp3d\themes\TabTheme
[2020-04-04T17:54:59.065] [INFO] app - remove theme BillboardTheme from app 5
[2020-04-04T17:54:59.175] [INFO] app - remove theme DashboardTheme from app 5
[2020-04-04T17:54:59.306] [INFO] app - remove theme LaunchpadTheme from app 5
[2020-04-04T17:54:59.338] [INFO] app - remove widget BasemapGallery from app 5
[2020-04-04T18:06:49.064] [DEBUG] utils - copy C:\WebAppBuilderForArcGIS\server\apps\5\
[2020-04-04T18:30:13.657] [DEBUG] utils - copy C:\WebAppBuilderForArcGIS\server\apps\6\
[2020-04-05T12:21:47.856] [INFO] repo - Read repository items: C:\WebAppBuilderForArcGIS\client\stemapp\widgets
[2020-04-05T12:21:51.033] [INFO] repo - Read repository items: C:\WebAppBuilderForArcGIS\client\stemapp\themes
[2020-04-05T12:21:51.927] [INFO] repo - Read repository items: C:\WebAppBuilderForArcGIS\client\stemapp3d\widgets
[2020-04-05T12:21:53.699] [INFO] repo - Read repository items: C:\WebAppBuilderForArcGIS\client\stemapp3d\themes
